<?xml version="1.0" encoding="UTF-8"?>
<testsuite xmlns:xsi="http://www.w3.org/2001/XMLSchema-instance" xsi:noNamespaceSchemaLocation="https://maven.apache.org/surefire/maven-surefire-plugin/xsd/surefire-test-report.xsd" name="ru.netology.RadioTest" time="0.09" tests="27" errors="0" skipped="0" failures="0">
  <properties>
    <property name="gopherProxySet" value="false"/>
    <property name="awt.toolkit" value="sun.lwawt.macosx.LWCToolkit"/>
    <property name="java.specification.version" value="11"/>
    <property name="sun.cpu.isalist" value=""/>
    <property name="sun.jnu.encoding" value="UTF-8"/>
    <property name="java.class.path" value="/Users/robert/Robert/Radio/target/test-classes:/Users/robert/Robert/Radio/target/classes:/Users/robert/.m2/repository/org/junit/jupiter/junit-jupiter/5.8.2/junit-jupiter-5.8.2.jar:/Users/robert/.m2/repository/org/junit/jupiter/junit-jupiter-api/5.8.2/junit-jupiter-api-5.8.2.jar:/Users/robert/.m2/repository/org/opentest4j/opentest4j/1.2.0/opentest4j-1.2.0.jar:/Users/robert/.m2/repository/org/junit/platform/junit-platform-commons/1.8.2/junit-platform-commons-1.8.2.jar:/Users/robert/.m2/repository/org/apiguardian/apiguardian-api/1.1.2/apiguardian-api-1.1.2.jar:/Users/robert/.m2/repository/org/junit/jupiter/junit-jupiter-params/5.8.2/junit-jupiter-params-5.8.2.jar:/Users/robert/.m2/repository/org/junit/jupiter/junit-jupiter-engine/5.8.2/junit-jupiter-engine-5.8.2.jar:/Users/robert/.m2/repository/org/junit/platform/junit-platform-engine/1.8.2/junit-platform-engine-1.8.2.jar:"/>
    <property name="java.vm.vendor" value="Amazon.com Inc."/>
    <property name="sun.arch.data.model" value="64"/>
    <property name="java.vendor.url" value="https://aws.amazon.com/corretto/"/>
    <property name="user.timezone" value=""/>
    <property name="java.vm.specification.version" value="11"/>
    <property name="os.name" value="Mac OS X"/>
    <property name="sun.java.launcher" value="SUN_STANDARD"/>
    <property name="user.country" value="RU"/>
    <property name="sun.boot.library.path" value="/Users/robert/Library/Java/JavaVirtualMachines/corretto-11.0.14.1/Contents/Home/lib"/>
    <property name="sun.java.command" value="/Users/robert/Robert/Radio/target/surefire/surefirebooter2500564201179744210.jar /Users/robert/Robert/Radio/target/surefire 2022-04-22T18-26-13_017-jvmRun1 surefire12369364953563133010tmp surefire_010325263618788791795tmp"/>
    <property name="http.nonProxyHosts" value="local|*.local|169.254/16|*.169.254/16"/>
    <property name="jdk.debug" value="release"/>
    <property name="surefire.test.class.path" value="/Users/robert/Robert/Radio/target/test-classes:/Users/robert/Robert/Radio/target/classes:/Users/robert/.m2/repository/org/junit/jupiter/junit-jupiter/5.8.2/junit-jupiter-5.8.2.jar:/Users/robert/.m2/repository/org/junit/jupiter/junit-jupiter-api/5.8.2/junit-jupiter-api-5.8.2.jar:/Users/robert/.m2/repository/org/opentest4j/opentest4j/1.2.0/opentest4j-1.2.0.jar:/Users/robert/.m2/repository/org/junit/platform/junit-platform-commons/1.8.2/junit-platform-commons-1.8.2.jar:/Users/robert/.m2/repository/org/apiguardian/apiguardian-api/1.1.2/apiguardian-api-1.1.2.jar:/Users/robert/.m2/repository/org/junit/jupiter/junit-jupiter-params/5.8.2/junit-jupiter-params-5.8.2.jar:/Users/robert/.m2/repository/org/junit/jupiter/junit-jupiter-engine/5.8.2/junit-jupiter-engine-5.8.2.jar:/Users/robert/.m2/repository/org/junit/platform/junit-platform-engine/1.8.2/junit-platform-engine-1.8.2.jar:"/>
    <property name="sun.cpu.endian" value="little"/>
    <property name="user.home" value="/Users/robert"/>
    <property name="user.language" value="ru"/>
    <property name="java.specification.vendor" value="Oracle Corporation"/>
    <property name="java.version.date" value="2022-02-08"/>
    <property name="java.home" value="/Users/robert/Library/Java/JavaVirtualMachines/corretto-11.0.14.1/Contents/Home"/>
    <property name="file.separator" value="/"/>
    <property name="basedir" value="/Users/robert/Robert/Radio"/>
    <property name="java.vm.compressedOopsMode" value="Zero based"/>
    <property name="line.separator" value="&#10;"/>
    <property name="java.specification.name" value="Java Platform API Specification"/>
    <property name="java.vm.specification.vendor" value="Oracle Corporation"/>
    <property name="java.awt.graphicsenv" value="sun.awt.CGraphicsEnvironment"/>
    <property name="surefire.real.class.path" value="/Users/robert/Robert/Radio/target/surefire/surefirebooter2500564201179744210.jar"/>
    <property name="sun.management.compiler" value="HotSpot 64-Bit Tiered Compilers"/>
    <property name="ftp.nonProxyHosts" value="local|*.local|169.254/16|*.169.254/16"/>
    <property name="java.runtime.version" value="11.0.14.1+10-LTS"/>
    <property name="user.name" value="robert"/>
    <property name="path.separator" value=":"/>
    <property name="os.version" value="12.3.1"/>
    <property name="java.runtime.name" value="OpenJDK Runtime Environment"/>
    <property name="file.encoding" value="UTF-8"/>
    <property name="java.vm.name" value="OpenJDK 64-Bit Server VM"/>
    <property name="java.vendor.version" value="Corretto-11.0.14.10.1"/>
    <property name="localRepository" value="/Users/robert/.m2/repository"/>
    <property name="java.vendor.url.bug" value="https://github.com/corretto/corretto-11/issues/"/>
    <property name="java.io.tmpdir" value="/var/folders/f5/dr_2y3bn4236yjk0lz5dg2l80000gp/T/"/>
    <property name="idea.version" value="2021.3.3"/>
    <property name="java.version" value="11.0.14.1"/>
    <property name="user.dir" value="/Users/robert/Robert/Radio"/>
    <property name="os.arch" value="x86_64"/>
    <property name="java.vm.specification.name" value="Java Virtual Machine Specification"/>
    <property name="java.awt.printerjob" value="sun.lwawt.macosx.CPrinterJob"/>
    <property name="sun.os.patch.level" value="unknown"/>
    <property name="java.library.path" value="/Users/robert/Library/Java/Extensions:/Library/Java/Extensions:/Network/Library/Java/Extensions:/System/Library/Java/Extensions:/usr/lib/java:."/>
    <property name="java.vm.info" value="mixed mode"/>
    <property name="java.vendor" value="Amazon.com Inc."/>
    <property name="java.vm.version" value="11.0.14.1+10-LTS"/>
    <property name="sun.io.unicode.encoding" value="UnicodeBig"/>
    <property name="java.class.version" value="55.0"/>
    <property name="socksNonProxyHosts" value="local|*.local|169.254/16|*.169.254/16"/>
  </properties>
  <testcase name="shouldSetCurrentChanelUnderMinChanel" classname="ru.netology.RadioTest" time="0.041"/>
  <testcase name="shouldUseRadio2" classname="ru.netology.RadioTest" time="0"/>
  <testcase name="lowerVolume2" classname="ru.netology.RadioTest" time="0.001"/>
  <testcase name="shouldUseRadio" classname="ru.netology.RadioTest" time="0.001"/>
  <testcase name="lowerVolume" classname="ru.netology.RadioTest" time="0.002"/>
  <testcase name="increaseVolume2" classname="ru.netology.RadioTest" time="0"/>
  <testcase name="testVolume2" classname="ru.netology.RadioTest" time="0"/>
  <testcase name="testVolume3" classname="ru.netology.RadioTest" time="0.001"/>
  <testcase name="testVolume4" classname="ru.netology.RadioTest" time="0.001"/>
  <testcase name="testChanel2" classname="ru.netology.RadioTest" time="0.001"/>
  <testcase name="testChanel3" classname="ru.netology.RadioTest" time="0.001"/>
  <testcase name="testChanel4" classname="ru.netology.RadioTest" time="0"/>
  <testcase name="increaseVolume" classname="ru.netology.RadioTest" time="0.001"/>
  <testcase name="setMaxVolume" classname="ru.netology.RadioTest" time="0"/>
  <testcase name="shouldNextChanel" classname="ru.netology.RadioTest" time="0"/>
  <testcase name="testChanel" classname="ru.netology.RadioTest" time="0.001"/>
  <testcase name="shouldBelowMinStation1" classname="ru.netology.RadioTest" time="0.001"/>
  <testcase name="shouldBelowMinStation2" classname="ru.netology.RadioTest" time="0.001"/>
  <testcase name="setCurrentMaxChanel" classname="ru.netology.RadioTest" time="0.001"/>
  <testcase name="shouldPrevStation" classname="ru.netology.RadioTest" time="0"/>
  <testcase name="shouldSetChanelOverMaxChanel" classname="ru.netology.RadioTest" time="0"/>
  <testcase name="shouldPrevChanel" classname="ru.netology.RadioTest" time="0.001"/>
  <testcase name="testVolume" classname="ru.netology.RadioTest" time="0"/>
  <testcase name="setMinVolume" classname="ru.netology.RadioTest" time="0"/>
  <testcase name="shouldOverMaxStation1" classname="ru.netology.RadioTest" time="0.001"/>
  <testcase name="shouldOverMaxStation2" classname="ru.netology.RadioTest" time="0"/>
  <testcase name="setCurrentMinChanel" classname="ru.netology.RadioTest" time="0"/>
</testsuite>